<?xml version="1.0" encoding="UTF-8"?>
<!-- Generated by org.testng.reporters.JUnitXMLReporter -->
<testsuite ignored="0" hostname="LAPTOP-B73T7O77" failures="1" tests="7" name="Command line test" time="26.891" errors="0" timestamp="2020-06-18T03:23:51 EDT">
  <testcase classname="class24.AssertionTest" name="testSoftAssert" time="0.009">
    <failure type="java.lang.AssertionError" message="The following asserts failed:
	Message for indication method = testSoftAssert() expected [Hello] but found [hell],
	5&amp;gt;3 example expected [false] but found [true]">
      <![CDATA[java.lang.AssertionError: The following asserts failed:
Message for indication method = testSoftAssert() expected [Hello] but found [hell],
5>3 example expected [false] but found [true]
at class24.AssertionTest.testSoftAssert(AssertionTest.java:43)
at java.base/java.util.ArrayList.forEach(ArrayList.java:1510)
... Removed 39 stack frames]]>
    </failure>
  </testcase> <!-- testSoftAssert -->
  <testcase classname="test.WikipediaTest" name="selectTest" time="5.938"/>
  <testcase classname="test2.TestA" name="selectGoods" time="8.652"/>
  <testcase classname="test2.TestB" name="testB1" time="2.235"/>
  <testcase classname="test2.TestC" name="testC" time="0.0"/>
  <testcase classname="test2.TestC" name="testC2" time="0.001"/>
  <testcase classname="test2.TestC" name="testC3" time="0.001"/>
</testsuite> <!-- Command line test -->
