<?xml version="1.0" encoding="UTF-8" ?>
<testsuite tests="7" failures="1" name="TestSuite" time="16.849" errors="0" skipped="0">
  <properties>
[...]
</properties>
  <testcase classname="class24.AssertionTest" name="testSoftAssert" time="0.02">
    <failure message="The following asserts failed:
	Message for indication method = testSoftAssert() expected [Hello] but found [hell],
	5&gt;3 example expected [false] but found [true]" type="java.lang.AssertionError">java.lang.AssertionError: The following asserts failed:
	Message for indication method = testSoftAssert() expected [Hello] but found [hell],
	5&gt;3 example expected [false] but found [true]
	at org.testng.asserts.SoftAssert.assertAll(SoftAssert.java:47)
	at org.testng.asserts.SoftAssert.assertAll(SoftAssert.java:31)
	at class24.AssertionTest.testSoftAssert(AssertionTest.java:43)
</failure>
    <system-out>Configuring TestNG with: org.apache.maven.surefire.testng.conf.TestNG652Configurator@4563e9ab
</system-out>
  </testcase>
  <testcase classname="test.WikipediaTest" name="selectTest" time="5.939"/>
  <testcase classname="test2.TestA" name="selectGoods" time="8.652"/>
  <testcase classname="test2.TestB" name="testB1" time="2.237"/>
  <testcase classname="test2.TestC" name="testC" time="0.001"/>
  <testcase classname="test2.TestC" name="testC2" time="0"/>
  <testcase classname="test2.TestC" name="testC3" time="0"/>
</testsuite>