<?xml version="1.0" encoding="UTF-8"?>
<testng-results ignored="0" total="1" passed="1" failed="0" skipped="0">
  <reporter-output>
  </reporter-output>
  <suite started-at="2020-06-15T13:54:12 EDT" name="Default suite" finished-at="2020-06-15T13:54:32 EDT" duration-ms="20494">
    <groups>
    </groups>
    <test started-at="2020-06-15T13:54:12 EDT" name="Default test" finished-at="2020-06-15T13:54:32 EDT" duration-ms="20494">
      <class name="online_shopping.SearchTest2">
        <test-method is-config="true" signature="beforeClass()[pri:0, instance:online_shopping.SearchTest2@7d3a22a9]" started-at="2020-06-15T13:54:12 EDT" name="beforeClass" finished-at="2020-06-15T13:54:16 EDT" duration-ms="3787" status="PASS">
          <reporter-output>
          </reporter-output>
        </test-method> <!-- beforeClass -->
        <test-method signature="orderingGoods()[pri:0, instance:online_shopping.SearchTest2@7d3a22a9]" started-at="2020-06-15T13:54:16 EDT" name="orderingGoods" finished-at="2020-06-15T13:54:32 EDT" duration-ms="16658" status="PASS">
          <reporter-output>
          </reporter-output>
        </test-method> <!-- orderingGoods -->
        <test-method is-config="true" signature="aftherClass()[pri:0, instance:online_shopping.SearchTest2@7d3a22a9]" started-at="2020-06-15T13:54:32 EDT" name="aftherClass" finished-at="2020-06-15T13:54:32 EDT" duration-ms="0" status="PASS">
          <reporter-output>
          </reporter-output>
        </test-method> <!-- aftherClass -->
      </class> <!-- online_shopping.SearchTest2 -->
    </test> <!-- Default test -->
  </suite> <!-- Default suite -->
</testng-results>
